<?xml version="1.0" encoding="UTF-8"?>
<testng-results ignored="1" total="2" passed="1" failed="0" skipped="0">
  <reporter-output>
  </reporter-output>
  <suite started-at="2020-08-26T15:42:11Z" name="Default suite" finished-at="2020-08-26T15:42:11Z" duration-ms="28">
    <groups>
    </groups>
    <test started-at="2020-08-26T15:42:11Z" name="Default test" finished-at="2020-08-26T15:42:11Z" duration-ms="28">
      <class name="codePractice.JavaConceptOfTheDay">
        <test-method signature="b()[pri:0, instance:codePractice.JavaConceptOfTheDay@662b4c69]" started-at="2020-08-26T11:42:11Z" name="b" finished-at="2020-08-26T11:42:11Z" duration-ms="10" status="PASS">
          <reporter-output>
          </reporter-output>
        </test-method> <!-- b -->
      </class> <!-- codePractice.JavaConceptOfTheDay -->
    </test> <!-- Default test -->
  </suite> <!-- Default suite -->
</testng-results>
